[debug] [2024-10-29T13:36:58.774Z] ----------------------------------------------------------------------
[debug] [2024-10-29T13:36:58.784Z] Command:       C:\Program Files\nodejs\node.exe C:\Users\Anna\AppData\Roaming\npm\node_modules\firebase-tools\lib\bin\firebase.js deploy
[debug] [2024-10-29T13:36:58.785Z] CLI Version:   13.23.0
[debug] [2024-10-29T13:36:58.785Z] Platform:      win32
[debug] [2024-10-29T13:36:58.786Z] Node Version:  v20.15.0
[debug] [2024-10-29T13:36:58.786Z] Time:          Tue Oct 29 2024 15:36:58 GMT+0200 (за східноєвропейським стандартним часом)
[debug] [2024-10-29T13:36:58.787Z] ----------------------------------------------------------------------
[debug] 
[debug] [2024-10-29T13:36:58.975Z] > command requires scopes: ["email","openid","https://www.googleapis.com/auth/cloudplatformprojects.readonly","https://www.googleapis.com/auth/firebase","https://www.googleapis.com/auth/cloud-platform"]
[debug] [2024-10-29T13:36:58.976Z] > authorizing via signed-in user (salamanovychanna@gmail.com)
[debug] [2024-10-29T13:36:58.977Z] [iam] checking project fofarmers for permissions ["firebase.projects.get","firebasehosting.sites.update"]
[debug] [2024-10-29T13:36:58.980Z] Checked if tokens are valid: true, expires at: 1730212321929
[debug] [2024-10-29T13:36:58.981Z] Checked if tokens are valid: true, expires at: 1730212321929
[debug] [2024-10-29T13:36:58.983Z] >>> [apiv2][query] POST https://cloudresourcemanager.googleapis.com/v1/projects/fofarmers:testIamPermissions [none]
[debug] [2024-10-29T13:36:58.984Z] >>> [apiv2][(partial)header] POST https://cloudresourcemanager.googleapis.com/v1/projects/fofarmers:testIamPermissions x-goog-quota-user=projects/fofarmers
[debug] [2024-10-29T13:36:58.984Z] >>> [apiv2][body] POST https://cloudresourcemanager.googleapis.com/v1/projects/fofarmers:testIamPermissions {"permissions":["firebase.projects.get","firebasehosting.sites.update"]}
[debug] [2024-10-29T13:37:00.042Z] <<< [apiv2][status] POST https://cloudresourcemanager.googleapis.com/v1/projects/fofarmers:testIamPermissions 200
[debug] [2024-10-29T13:37:00.043Z] <<< [apiv2][body] POST https://cloudresourcemanager.googleapis.com/v1/projects/fofarmers:testIamPermissions {"permissions":["firebase.projects.get","firebasehosting.sites.update"]}
[debug] [2024-10-29T13:37:00.046Z] Checked if tokens are valid: true, expires at: 1730212321929
[debug] [2024-10-29T13:37:00.046Z] Checked if tokens are valid: true, expires at: 1730212321929
[debug] [2024-10-29T13:37:00.047Z] >>> [apiv2][query] GET https://firebase.googleapis.com/v1beta1/projects/fofarmers [none]
